# JRE version: OpenJDK Runtime Environment (8.0_152-b01) (build 1.8.0_152-release-915-b01)
# Java VM: OpenJDK 64-Bit Server VM (25.152-b01 mixed mode windows-amd64 compressed oops)
Heap:
 PSYoungGen      total 259584K, used 194493K [0x00000000e0000000, 0x00000000f2c80000, 0x0000000100000000)
  eden space 232960K, 72% used [0x00000000e0000000,0x00000000ea3f3618,0x00000000ee380000)
  from space 26624K, 99% used [0x00000000f0380000,0x00000000f1d7bfc8,0x00000000f1d80000)
  to   space 32768K, 0% used [0x00000000ee380000,0x00000000ee380000,0x00000000f0380000)
 ParOldGen       total 153600K, used 53760K [0x00000000a0000000, 0x00000000a9600000, 0x00000000e0000000)
  object space 153600K, 35% used [0x00000000a0000000,0x00000000a3480068,0x00000000a9600000)
 Metaspace       used 80269K, capacity 84012K, committed 84184K, reserved 1122304K
  class space    used 10245K, capacity 11139K, committed 11264K, reserved 1048576K
GC Heap History (10 events):
Event: 16.482 GC heap before
{Heap before GC invocations=13 (full 3):
 PSYoungGen      total 189440K, used 16381K [0x00000000e0000000, 0x00000000efd80000, 0x0000000100000000)
  eden space 173056K, 0% used [0x00000000e0000000,0x00000000e0000000,0x00000000ea900000)
  from space 16384K, 99% used [0x00000000ec080000,0x00000000ed07f4e0,0x00000000ed080000)
  to   space 24064K, 0% used [0x00000000ea900000,0x00000000ea900000,0x00000000ec080000)
 ParOldGen       total 93696K, used 37482K [0x00000000a0000000, 0x00000000a5b80000, 0x00000000e0000000)
  object space 93696K, 40% used [0x00000000a0000000,0x00000000a249a840,0x00000000a5b80000)
 Metaspace       used 57006K, capacity 58930K, committed 59028K, reserved 1099776K
  class space    used 7693K, capacity 8191K, committed 8192K, reserved 1048576K
Event: 16.768 GC heap after
Heap after GC invocations=13 (full 3):
 PSYoungGen      total 189440K, used 0K [0x00000000e0000000, 0x00000000efd80000, 0x0000000100000000)
  eden space 173056K, 0% used [0x00000000e0000000,0x00000000e0000000,0x00000000ea900000)
  from space 16384K, 0% used [0x00000000ec080000,0x00000000ec080000,0x00000000ed080000)
  to   space 24064K, 0% used [0x00000000ea900000,0x00000000ea900000,0x00000000ec080000)
 ParOldGen       total 153600K, used 45068K [0x00000000a0000000, 0x00000000a9600000, 0x00000000e0000000)
  object space 153600K, 29% used [0x00000000a0000000,0x00000000a2c03358,0x00000000a9600000)
 Metaspace       used 57006K, capacity 58930K, committed 59028K, reserved 1099776K
  class space    used 7693K, capacity 8191K, committed 8192K, reserved 1048576K
}
Event: 28.325 GC heap before
{Heap before GC invocations=14 (full 3):
 PSYoungGen      total 189440K, used 173056K [0x00000000e0000000, 0x00000000efd80000, 0x0000000100000000)
  eden space 173056K, 100% used [0x00000000e0000000,0x00000000ea900000,0x00000000ea900000)
  from space 16384K, 0% used [0x00000000ec080000,0x00000000ec080000,0x00000000ed080000)
  to   space 24064K, 0% used [0x00000000ea900000,0x00000000ea900000,0x00000000ec080000)
 ParOldGen       total 153600K, used 45068K [0x00000000a0000000, 0x00000000a9600000, 0x00000000e0000000)
  object space 153600K, 29% used [0x00000000a0000000,0x00000000a2c03358,0x00000000a9600000)
 Metaspace       used 63781K, capacity 66538K, committed 66776K, reserved 1107968K
  class space    used 8440K, capacity 9099K, committed 9216K, reserved 1048576K
Event: 28.342 GC heap after
Heap after GC invocations=14 (full 3):
 PSYoungGen      total 197120K, used 13886K [0x00000000e0000000, 0x00000000efc80000, 0x0000000100000000)
  eden space 173056K, 0% used [0x00000000e0000000,0x00000000e0000000,0x00000000ea900000)
  from space 24064K, 57% used [0x00000000ea900000,0x00000000eb68fab0,0x00000000ec080000)
  to   space 23552K, 0% used [0x00000000ee580000,0x00000000ee580000,0x00000000efc80000)
 ParOldGen       total 153600K, used 45076K [0x00000000a0000000, 0x00000000a9600000, 0x00000000e0000000)
  object space 153600K, 29% used [0x00000000a0000000,0x00000000a2c05358,0x00000000a9600000)
 Metaspace       used 63781K, capacity 66538K, committed 66776K, reserved 1107968K
  class space    used 8440K, capacity 9099K, committed 9216K, reserved 1048576K
}
Event: 118.304 GC heap before
{Heap before GC invocations=15 (full 3):
 PSYoungGen      total 197120K, used 186942K [0x00000000e0000000, 0x00000000efc80000, 0x0000000100000000)
  eden space 173056K, 100% used [0x00000000e0000000,0x00000000ea900000,0x00000000ea900000)
  from space 24064K, 57% used [0x00000000ea900000,0x00000000eb68fab0,0x00000000ec080000)
  to   space 23552K, 0% used [0x00000000ee580000,0x00000000ee580000,0x00000000efc80000)
 ParOldGen       total 153600K, used 45076K [0x00000000a0000000, 0x00000000a9600000, 0x00000000e0000000)
  object space 153600K, 29% used [0x00000000a0000000,0x00000000a2c05358,0x00000000a9600000)
 Metaspace       used 67040K, capacity 70140K, committed 70232K, reserved 1110016K
  class space    used 8828K, capacity 9588K, committed 9600K, reserved 1048576K
Event: 118.325 GC heap after
Heap after GC invocations=15 (full 3):
 PSYoungGen      total 220672K, used 12688K [0x00000000e0000000, 0x00000000ef480000, 0x0000000100000000)
  eden space 205312K, 0% used [0x00000000e0000000,0x00000000e0000000,0x00000000ec880000)
  from space 15360K, 82% used [0x00000000ee580000,0x00000000ef1e4040,0x00000000ef480000)
  to   space 22528K, 0% used [0x00000000ec880000,0x00000000ec880000,0x00000000ede80000)
 ParOldGen       total 153600K, used 45084K [0x00000000a0000000, 0x00000000a9600000, 0x00000000e0000000)
  object space 153600K, 29% used [0x00000000a0000000,0x00000000a2c07358,0x00000000a9600000)
 Metaspace       used 67040K, capacity 70140K, committed 70232K, reserved 1110016K
  class space    used 8828K, capacity 9588K, committed 9600K, reserved 1048576K
}
Event: 126.259 GC heap before
{Heap before GC invocations=16 (full 3):
 PSYoungGen      total 220672K, used 217804K [0x00000000e0000000, 0x00000000ef480000, 0x0000000100000000)
  eden space 205312K, 99% used [0x00000000e0000000,0x00000000ec84f1a8,0x00000000ec880000)
  from space 15360K, 82% used [0x00000000ee580000,0x00000000ef1e4040,0x00000000ef480000)
  to   space 22528K, 0% used [0x00000000ec880000,0x00000000ec880000,0x00000000ede80000)
 ParOldGen       total 153600K, used 45084K [0x00000000a0000000, 0x00000000a9600000, 0x00000000e0000000)
  object space 153600K, 29% used [0x00000000a0000000,0x00000000a2c07358,0x00000000a9600000)
 Metaspace       used 74404K, capacity 77898K, committed 78040K, reserved 1116160K
  class space    used 9661K, capacity 10495K, committed 10496K, reserved 1048576K
Event: 126.294 GC heap after
Heap after GC invocations=16 (full 3):
 PSYoungGen      total 227840K, used 22520K [0x00000000e0000000, 0x00000000f1d80000, 0x0000000100000000)
  eden space 205312K, 0% used [0x00000000e0000000,0x00000000e0000000,0x00000000ec880000)
  from space 22528K, 99% used [0x00000000ec880000,0x00000000ede7e228,0x00000000ede80000)
  to   space 26624K, 0% used [0x00000000f0380000,0x00000000f0380000,0x00000000f1d80000)
 ParOldGen       total 153600K, used 46912K [0x00000000a0000000, 0x00000000a9600000, 0x00000000e0000000)
  object space 153600K, 30% used [0x00000000a0000000,0x00000000a2dd0258,0x00000000a9600000)
 Metaspace       used 74404K, capacity 77898K, committed 78040K, reserved 1116160K
  class space    used 9661K, capacity 10495K, committed 10496K, reserved 1048576K
}
Event: 129.296 GC heap before
{Heap before GC invocations=17 (full 3):
 PSYoungGen      total 227840K, used 227832K [0x00000000e0000000, 0x00000000f1d80000, 0x0000000100000000)
  eden space 205312K, 100% used [0x00000000e0000000,0x00000000ec880000,0x00000000ec880000)
  from space 22528K, 99% used [0x00000000ec880000,0x00000000ede7e228,0x00000000ede80000)
  to   space 26624K, 0% used [0x00000000f0380000,0x00000000f0380000,0x00000000f1d80000)
 ParOldGen       total 153600K, used 46912K [0x00000000a0000000, 0x00000000a9600000, 0x00000000e0000000)
  object space 153600K, 30% used [0x00000000a0000000,0x00000000a2dd0258,0x00000000a9600000)
 Metaspace       used 78208K, capacity 81888K, committed 82136K, reserved 1120256K
  class space    used 10033K, capacity 10913K, committed 11008K, reserved 1048576K
Event: 129.344 GC heap after
Heap after GC invocations=17 (full 3):
 PSYoungGen      total 259584K, used 26607K [0x00000000e0000000, 0x00000000f2c80000, 0x0000000100000000)
  eden space 232960K, 0% used [0x00000000e0000000,0x00000000e0000000,0x00000000ee380000)
  from space 26624K, 99% used [0x00000000f0380000,0x00000000f1d7bfc8,0x00000000f1d80000)
  to   space 32768K, 0% used [0x00000000ee380000,0x00000000ee380000,0x00000000f0380000)
 ParOldGen       total 153600K, used 53760K [0x00000000a0000000, 0x00000000a9600000, 0x00000000e0000000)
  object space 153600K, 35% used [0x00000000a0000000,0x00000000a3480068,0x00000000a9600000)
 Metaspace       used 78208K, capacity 81888K, committed 82136K, reserved 1120256K
  class space    used 10033K, capacity 10913K, committed 11008K, reserved 1048576K
}

